<?xml version="1.0" encoding="UTF-8"?>
<!-- Generated by org.testng.reporters.JUnitXMLReporter -->
<testsuite hostname="Vinay-PC" ignored="0" name="Default test" tests="6" failures="0" timestamp="10 May 2019 06:25:17 GMT" time="178.885" errors="0">
  <testcase name="GoogleTitleTest" time="0.066" classname="com.test.GoogleTest"/>
  <testcase name="GoogleLogoTest" time="0.436" classname="com.test.GoogleTest"/>
  <testcase name="MailLinkTest" time="0.076" classname="com.test.GoogleTest"/>
  <testcase name="Test1" time="0.002" classname="com.test.GoogleTest"/>
  <testcase name="Test2" time="0.001" classname="com.test.GoogleTest"/>
  <testcase name="Test3" time="0.004" classname="com.test.GoogleTest"/>
</testsuite> <!-- Default test -->
