<?xml version="1.0" encoding="UTF-8"?>
<testng-results skipped="0" failed="0" ignored="0" total="6" passed="6">
  <reporter-output>
  </reporter-output>
  <suite name="Default suite" duration-ms="178885" started-at="2019-05-10T06:22:17Z" finished-at="2019-05-10T06:25:16Z">
    <groups>
      <group name="Test">
        <method signature="GoogleTest.Test1()[pri:4, instance:com.test.GoogleTest@5faeada1]" name="Test1" class="com.test.GoogleTest"/>
        <method signature="GoogleTest.Test2()[pri:5, instance:com.test.GoogleTest@5faeada1]" name="Test2" class="com.test.GoogleTest"/>
        <method signature="GoogleTest.Test3()[pri:6, instance:com.test.GoogleTest@5faeada1]" name="Test3" class="com.test.GoogleTest"/>
      </group> <!-- Test -->
      <group name="Title">
        <method signature="GoogleTest.GoogleTitleTest()[pri:1, instance:com.test.GoogleTest@5faeada1]" name="GoogleTitleTest" class="com.test.GoogleTest"/>
      </group> <!-- Title -->
      <group name="Link">
        <method signature="GoogleTest.MailLinkTest()[pri:3, instance:com.test.GoogleTest@5faeada1]" name="MailLinkTest" class="com.test.GoogleTest"/>
      </group> <!-- Link -->
      <group name="Logo">
        <method signature="GoogleTest.GoogleLogoTest()[pri:2, instance:com.test.GoogleTest@5faeada1]" name="GoogleLogoTest" class="com.test.GoogleTest"/>
      </group> <!-- Logo -->
    </groups>
    <test name="Default test" duration-ms="178885" started-at="2019-05-10T06:22:17Z" finished-at="2019-05-10T06:25:16Z">
      <class name="com.test.GoogleTest">
        <test-method status="PASS" signature="setUp()[pri:0, instance:com.test.GoogleTest@5faeada1]" name="setUp" is-config="true" duration-ms="91863" started-at="2019-05-10T06:22:17Z" finished-at="2019-05-10T06:23:49Z">
          <reporter-output>
          </reporter-output>
        </test-method> <!-- setUp -->
        <test-method status="PASS" signature="GoogleTitleTest()[pri:1, instance:com.test.GoogleTest@5faeada1]" name="GoogleTitleTest" duration-ms="66" started-at="2019-05-10T06:23:49Z" finished-at="2019-05-10T06:23:49Z">
          <reporter-output>
          </reporter-output>
        </test-method> <!-- GoogleTitleTest -->
        <test-method status="PASS" signature="teardown()[pri:0, instance:com.test.GoogleTest@5faeada1]" name="teardown" is-config="true" duration-ms="1221" started-at="2019-05-10T06:23:49Z" finished-at="2019-05-10T06:23:50Z">
          <reporter-output>
          </reporter-output>
        </test-method> <!-- teardown -->
        <test-method status="PASS" signature="setUp()[pri:0, instance:com.test.GoogleTest@5faeada1]" name="setUp" is-config="true" duration-ms="39305" started-at="2019-05-10T06:23:50Z" finished-at="2019-05-10T06:24:30Z">
          <reporter-output>
          </reporter-output>
        </test-method> <!-- setUp -->
        <test-method status="PASS" signature="GoogleLogoTest()[pri:2, instance:com.test.GoogleTest@5faeada1]" name="GoogleLogoTest" duration-ms="436" started-at="2019-05-10T06:24:30Z" finished-at="2019-05-10T06:24:30Z">
          <reporter-output>
          </reporter-output>
        </test-method> <!-- GoogleLogoTest -->
        <test-method status="PASS" signature="teardown()[pri:0, instance:com.test.GoogleTest@5faeada1]" name="teardown" is-config="true" duration-ms="869" started-at="2019-05-10T06:24:30Z" finished-at="2019-05-10T06:24:31Z">
          <reporter-output>
          </reporter-output>
        </test-method> <!-- teardown -->
        <test-method status="PASS" signature="setUp()[pri:0, instance:com.test.GoogleTest@5faeada1]" name="setUp" is-config="true" duration-ms="14282" started-at="2019-05-10T06:24:31Z" finished-at="2019-05-10T06:24:45Z">
          <reporter-output>
          </reporter-output>
        </test-method> <!-- setUp -->
        <test-method status="PASS" signature="MailLinkTest()[pri:3, instance:com.test.GoogleTest@5faeada1]" name="MailLinkTest" duration-ms="76" started-at="2019-05-10T06:24:45Z" finished-at="2019-05-10T06:24:45Z">
          <reporter-output>
          </reporter-output>
        </test-method> <!-- MailLinkTest -->
        <test-method status="PASS" signature="teardown()[pri:0, instance:com.test.GoogleTest@5faeada1]" name="teardown" is-config="true" duration-ms="711" started-at="2019-05-10T06:24:45Z" finished-at="2019-05-10T06:24:46Z">
          <reporter-output>
          </reporter-output>
        </test-method> <!-- teardown -->
        <test-method status="PASS" signature="setUp()[pri:0, instance:com.test.GoogleTest@5faeada1]" name="setUp" is-config="true" duration-ms="9512" started-at="2019-05-10T06:24:46Z" finished-at="2019-05-10T06:24:55Z">
          <reporter-output>
          </reporter-output>
        </test-method> <!-- setUp -->
        <test-method status="PASS" signature="Test1()[pri:4, instance:com.test.GoogleTest@5faeada1]" name="Test1" duration-ms="2" started-at="2019-05-10T06:24:55Z" finished-at="2019-05-10T06:24:55Z">
          <reporter-output>
          </reporter-output>
        </test-method> <!-- Test1 -->
        <test-method status="PASS" signature="teardown()[pri:0, instance:com.test.GoogleTest@5faeada1]" name="teardown" is-config="true" duration-ms="809" started-at="2019-05-10T06:24:55Z" finished-at="2019-05-10T06:24:56Z">
          <reporter-output>
          </reporter-output>
        </test-method> <!-- teardown -->
        <test-method status="PASS" signature="setUp()[pri:0, instance:com.test.GoogleTest@5faeada1]" name="setUp" is-config="true" duration-ms="9060" started-at="2019-05-10T06:24:56Z" finished-at="2019-05-10T06:25:05Z">
          <reporter-output>
          </reporter-output>
        </test-method> <!-- setUp -->
        <test-method status="PASS" signature="Test2()[pri:5, instance:com.test.GoogleTest@5faeada1]" name="Test2" duration-ms="1" started-at="2019-05-10T06:25:05Z" finished-at="2019-05-10T06:25:05Z">
          <reporter-output>
          </reporter-output>
        </test-method> <!-- Test2 -->
        <test-method status="PASS" signature="teardown()[pri:0, instance:com.test.GoogleTest@5faeada1]" name="teardown" is-config="true" duration-ms="719" started-at="2019-05-10T06:25:05Z" finished-at="2019-05-10T06:25:06Z">
          <reporter-output>
          </reporter-output>
        </test-method> <!-- teardown -->
        <test-method status="PASS" signature="setUp()[pri:0, instance:com.test.GoogleTest@5faeada1]" name="setUp" is-config="true" duration-ms="8984" started-at="2019-05-10T06:25:06Z" finished-at="2019-05-10T06:25:15Z">
          <reporter-output>
          </reporter-output>
        </test-method> <!-- setUp -->
        <test-method status="PASS" signature="Test3()[pri:6, instance:com.test.GoogleTest@5faeada1]" name="Test3" duration-ms="4" started-at="2019-05-10T06:25:15Z" finished-at="2019-05-10T06:25:15Z">
          <reporter-output>
          </reporter-output>
        </test-method> <!-- Test3 -->
        <test-method status="PASS" signature="teardown()[pri:0, instance:com.test.GoogleTest@5faeada1]" name="teardown" is-config="true" duration-ms="734" started-at="2019-05-10T06:25:15Z" finished-at="2019-05-10T06:25:16Z">
          <reporter-output>
          </reporter-output>
        </test-method> <!-- teardown -->
      </class> <!-- com.test.GoogleTest -->
    </test> <!-- Default test -->
  </suite> <!-- Default suite -->
</testng-results>
